build/app/intermediates/manifest_merge_blame_file/debug/manifest-merger-blame-debug-report.txt
1<?xml version="1.0" encoding="utf-8"?>
2<manifest xmlns:android="http://schemas.android.com/apk/res/android"
3    package="com.example.flutter_travel_app"
4    android:versionCode="1"
5    android:versionName="0.1.0" >
6
7    <uses-sdk
8        android:minSdkVersion="21"
9        android:targetSdkVersion="35" />
10    <!--
11         The INTERNET permission is required for development. Specifically,
12         the Flutter tool needs it to communicate with the running application
13         to allow setting breakpoints, to provide hot reload, etc.
14    -->
15    <uses-permission android:name="android.permission.INTERNET" />
15-->src/debug/AndroidManifest.xml:6:5-66
15-->src/debug/AndroidManifest.xml:6:22-64
16    <!--
17     Required to query activities that can process text, see:
18         https://developer.android.com/training/package-visibility?hl=en and
19         https://developer.android.com/reference/android/content/Intent#ACTION_PROCESS_TEXT.
20
21         In particular, this is used by the Flutter engine in io.flutter.plugin.text.ProcessTextPlugin.
22    -->
23    <queries>
23-->src/main/AndroidManifest.xml:38:5-43:15
24        <intent>
24-->src/main/AndroidManifest.xml:39:9-42:18
25            <action android:name="android.intent.action.PROCESS_TEXT" />
25-->src/main/AndroidManifest.xml:40:13-72
25-->src/main/AndroidManifest.xml:40:21-70
26
27            <data android:mimeType="text/plain" />
27-->src/main/AndroidManifest.xml:41:13-50
27-->src/main/AndroidManifest.xml:41:19-48
28        </intent>
29    </queries>
30
31    <uses-permission android:name="android.permission.ACCESS_NETWORK_STATE" />
31-->[com.yandex.android:maps.mobile:4.4.0-lite] AndroidManifest.xml:13:5-79
31-->[com.yandex.android:maps.mobile:4.4.0-lite] AndroidManifest.xml:13:22-76
32    <uses-permission android:name="android.permission.ACCESS_WIFI_STATE" />
32-->[com.yandex.android:maps.mobile:4.4.0-lite] AndroidManifest.xml:15:5-76
32-->[com.yandex.android:maps.mobile:4.4.0-lite] AndroidManifest.xml:15:22-73
33    <uses-permission android:name="android.permission.CHANGE_WIFI_STATE" />
33-->[com.yandex.android:maps.mobile:4.4.0-lite] AndroidManifest.xml:16:5-76
33-->[com.yandex.android:maps.mobile:4.4.0-lite] AndroidManifest.xml:16:22-73
34    <uses-permission android:name="android.permission.ACCESS_FINE_LOCATION" />
34-->[com.yandex.android:maps.mobile:4.4.0-lite] AndroidManifest.xml:17:5-79
34-->[com.yandex.android:maps.mobile:4.4.0-lite] AndroidManifest.xml:17:22-76
35    <uses-permission android:name="android.permission.WAKE_LOCK" />
35-->[com.yandex.android:maps.mobile:4.4.0-lite] AndroidManifest.xml:21:5-68
35-->[com.yandex.android:maps.mobile:4.4.0-lite] AndroidManifest.xml:21:22-65
36    <uses-permission android:name="android.permission.RECEIVE_BOOT_COMPLETED" />
36-->[com.yandex.android:maps.mobile:4.4.0-lite] AndroidManifest.xml:22:5-81
36-->[com.yandex.android:maps.mobile:4.4.0-lite] AndroidManifest.xml:22:22-78
37
38    <permission
38-->[androidx.core:core:1.13.1] AndroidManifest.xml:22:5-24:47
39        android:name="com.example.flutter_travel_app.DYNAMIC_RECEIVER_NOT_EXPORTED_PERMISSION"
39-->[androidx.core:core:1.13.1] AndroidManifest.xml:23:9-81
40        android:protectionLevel="signature" />
40-->[androidx.core:core:1.13.1] AndroidManifest.xml:24:9-44
41
42    <uses-permission android:name="com.example.flutter_travel_app.DYNAMIC_RECEIVER_NOT_EXPORTED_PERMISSION" />
42-->[androidx.core:core:1.13.1] AndroidManifest.xml:26:5-97
42-->[androidx.core:core:1.13.1] AndroidManifest.xml:26:22-94
43
44    <application
45        android:name="android.app.Application"
46        android:appComponentFactory="androidx.core.app.CoreComponentFactory"
46-->[androidx.core:core:1.13.1] AndroidManifest.xml:28:18-86
47        android:debuggable="true"
48        android:icon="@mipmap/ic_launcher"
49        android:label="flutter_travel_app" >
50        <activity
51            android:name="com.example.flutter_travel_app.MainActivity"
52            android:configChanges="orientation|keyboardHidden|keyboard|screenSize|smallestScreenSize|locale|layoutDirection|fontScale|screenLayout|density|uiMode"
53            android:exported="true"
54            android:hardwareAccelerated="true"
55            android:launchMode="singleTop"
56            android:theme="@style/LaunchTheme"
57            android:windowSoftInputMode="adjustResize" >
58
59            <!--
60                 Specifies an Android theme to apply to this Activity as soon as
61                 the Android process has started. This theme is visible to the user
62                 while the Flutter UI initializes. After that, this theme continues
63                 to determine the Window background behind the Flutter UI.
64            -->
65            <meta-data
66                android:name="io.flutter.embedding.android.NormalTheme"
67                android:resource="@style/NormalTheme" />
68
69            <intent-filter>
70                <action android:name="android.intent.action.MAIN" />
71
72                <category android:name="android.intent.category.LAUNCHER" />
73            </intent-filter>
74        </activity>
75        <!--
76             Don't delete the meta-data below.
77             This is used by the Flutter tool to generate GeneratedPluginRegistrant.java
78        -->
79        <meta-data
80            android:name="flutterEmbedding"
81            android:value="2" />
82        <meta-data
82-->[com.yandex.android:maps.mobile:4.4.0-lite] AndroidManifest.xml:25:9-27:38
83            android:name="yandex.maps.runtime.stl.linkage"
83-->[com.yandex.android:maps.mobile:4.4.0-lite] AndroidManifest.xml:26:13-59
84            android:value="static" />
84-->[com.yandex.android:maps.mobile:4.4.0-lite] AndroidManifest.xml:27:13-35
85
86        <service
86-->[com.yandex.android:maps.mobile:4.4.0-lite] AndroidManifest.xml:29:9-32:72
87            android:name="com.evernote.android.job.patched.internal.v21.PlatformJobService"
87-->[com.yandex.android:maps.mobile:4.4.0-lite] AndroidManifest.xml:30:13-92
88            android:exported="false"
88-->[com.yandex.android:maps.mobile:4.4.0-lite] AndroidManifest.xml:31:13-37
89            android:permission="android.permission.BIND_JOB_SERVICE" />
89-->[com.yandex.android:maps.mobile:4.4.0-lite] AndroidManifest.xml:32:13-69
90        <service
90-->[com.yandex.android:maps.mobile:4.4.0-lite] AndroidManifest.xml:33:9-36:72
91            android:name="com.evernote.android.job.patched.internal.v14.PlatformAlarmService"
91-->[com.yandex.android:maps.mobile:4.4.0-lite] AndroidManifest.xml:34:13-94
92            android:exported="false"
92-->[com.yandex.android:maps.mobile:4.4.0-lite] AndroidManifest.xml:35:13-37
93            android:permission="android.permission.BIND_JOB_SERVICE" />
93-->[com.yandex.android:maps.mobile:4.4.0-lite] AndroidManifest.xml:36:13-69
94        <service
94-->[com.yandex.android:maps.mobile:4.4.0-lite] AndroidManifest.xml:37:9-39:40
95            android:name="com.evernote.android.job.patched.internal.v14.PlatformAlarmServiceExact"
95-->[com.yandex.android:maps.mobile:4.4.0-lite] AndroidManifest.xml:38:13-99
96            android:exported="false" />
96-->[com.yandex.android:maps.mobile:4.4.0-lite] AndroidManifest.xml:39:13-37
97
98        <receiver
98-->[com.yandex.android:maps.mobile:4.4.0-lite] AndroidManifest.xml:41:9-50:20
99            android:name="com.evernote.android.job.patched.internal.v14.PlatformAlarmReceiver"
99-->[com.yandex.android:maps.mobile:4.4.0-lite] AndroidManifest.xml:42:13-95
100            android:exported="false" >
100-->[com.yandex.android:maps.mobile:4.4.0-lite] AndroidManifest.xml:43:13-37
101            <intent-filter>
101-->[com.yandex.android:maps.mobile:4.4.0-lite] AndroidManifest.xml:44:13-49:29
102
103                <!-- Keep the filter for legacy intents -->
104                <action android:name="com.evernote.android.job.patched.internal.v14.RUN_JOB" />
104-->[com.yandex.android:maps.mobile:4.4.0-lite] AndroidManifest.xml:47:17-96
104-->[com.yandex.android:maps.mobile:4.4.0-lite] AndroidManifest.xml:47:25-93
105                <action android:name="net.vrallev.android.job.v14.RUN_JOB" />
105-->[com.yandex.android:maps.mobile:4.4.0-lite] AndroidManifest.xml:48:17-78
105-->[com.yandex.android:maps.mobile:4.4.0-lite] AndroidManifest.xml:48:25-75
106            </intent-filter>
107        </receiver>
108        <receiver
108-->[com.yandex.android:maps.mobile:4.4.0-lite] AndroidManifest.xml:51:9-60:20
109            android:name="com.evernote.android.job.patched.internal.JobBootReceiver"
109-->[com.yandex.android:maps.mobile:4.4.0-lite] AndroidManifest.xml:52:13-85
110            android:exported="false" >
110-->[com.yandex.android:maps.mobile:4.4.0-lite] AndroidManifest.xml:53:13-37
111            <intent-filter>
111-->[com.yandex.android:maps.mobile:4.4.0-lite] AndroidManifest.xml:54:13-59:29
112                <action android:name="android.intent.action.BOOT_COMPLETED" />
112-->[com.yandex.android:maps.mobile:4.4.0-lite] AndroidManifest.xml:55:17-79
112-->[com.yandex.android:maps.mobile:4.4.0-lite] AndroidManifest.xml:55:25-76
113                <action android:name="android.intent.action.QUICKBOOT_POWERON" />
113-->[com.yandex.android:maps.mobile:4.4.0-lite] AndroidManifest.xml:56:17-82
113-->[com.yandex.android:maps.mobile:4.4.0-lite] AndroidManifest.xml:56:25-79
114                <action android:name="com.htc.intent.action.QUICKBOOT_POWERON" />
114-->[com.yandex.android:maps.mobile:4.4.0-lite] AndroidManifest.xml:57:17-82
114-->[com.yandex.android:maps.mobile:4.4.0-lite] AndroidManifest.xml:57:25-79
115                <action android:name="android.intent.action.MY_PACKAGE_REPLACED" />
115-->[com.yandex.android:maps.mobile:4.4.0-lite] AndroidManifest.xml:58:17-84
115-->[com.yandex.android:maps.mobile:4.4.0-lite] AndroidManifest.xml:58:25-81
116            </intent-filter>
117        </receiver>
118
119        <service
119-->[com.yandex.android:maps.mobile:4.4.0-lite] AndroidManifest.xml:62:9-65:72
120            android:name="com.evernote.android.job.patched.internal.JobRescheduleService"
120-->[com.yandex.android:maps.mobile:4.4.0-lite] AndroidManifest.xml:63:13-90
121            android:exported="false"
121-->[com.yandex.android:maps.mobile:4.4.0-lite] AndroidManifest.xml:64:13-37
122            android:permission="android.permission.BIND_JOB_SERVICE" />
122-->[com.yandex.android:maps.mobile:4.4.0-lite] AndroidManifest.xml:65:13-69
123        <service
123-->[com.yandex.android:maps.mobile:4.4.0-lite] AndroidManifest.xml:66:9-69:72
124            android:name="com.yandex.runtime.connectivity.internal.ConnectivityService"
124-->[com.yandex.android:maps.mobile:4.4.0-lite] AndroidManifest.xml:67:13-88
125            android:exported="true"
125-->[com.yandex.android:maps.mobile:4.4.0-lite] AndroidManifest.xml:68:13-36
126            android:permission="android.permission.BIND_JOB_SERVICE" />
126-->[com.yandex.android:maps.mobile:4.4.0-lite] AndroidManifest.xml:69:13-69
127
128        <activity
128-->[com.google.android.gms:play-services-base:18.1.0] AndroidManifest.xml:20:9-22:45
129            android:name="com.google.android.gms.common.api.GoogleApiActivity"
129-->[com.google.android.gms:play-services-base:18.1.0] AndroidManifest.xml:20:19-85
130            android:exported="false"
130-->[com.google.android.gms:play-services-base:18.1.0] AndroidManifest.xml:22:19-43
131            android:theme="@android:style/Theme.Translucent.NoTitleBar" />
131-->[com.google.android.gms:play-services-base:18.1.0] AndroidManifest.xml:21:19-78
132
133        <meta-data
133-->[com.google.android.gms:play-services-basement:18.1.0] AndroidManifest.xml:21:9-23:69
134            android:name="com.google.android.gms.version"
134-->[com.google.android.gms:play-services-basement:18.1.0] AndroidManifest.xml:22:13-58
135            android:value="@integer/google_play_services_version" />
135-->[com.google.android.gms:play-services-basement:18.1.0] AndroidManifest.xml:23:13-66
136
137        <uses-library
137-->[androidx.window:window:1.2.0] AndroidManifest.xml:23:9-25:40
138            android:name="androidx.window.extensions"
138-->[androidx.window:window:1.2.0] AndroidManifest.xml:24:13-54
139            android:required="false" />
139-->[androidx.window:window:1.2.0] AndroidManifest.xml:25:13-37
140        <uses-library
140-->[androidx.window:window:1.2.0] AndroidManifest.xml:26:9-28:40
141            android:name="androidx.window.sidecar"
141-->[androidx.window:window:1.2.0] AndroidManifest.xml:27:13-51
142            android:required="false" />
142-->[androidx.window:window:1.2.0] AndroidManifest.xml:28:13-37
143
144        <provider
144-->[androidx.lifecycle:lifecycle-process:2.7.0] AndroidManifest.xml:24:9-32:20
145            android:name="androidx.startup.InitializationProvider"
145-->[androidx.lifecycle:lifecycle-process:2.7.0] AndroidManifest.xml:25:13-67
146            android:authorities="com.example.flutter_travel_app.androidx-startup"
146-->[androidx.lifecycle:lifecycle-process:2.7.0] AndroidManifest.xml:26:13-68
147            android:exported="false" >
147-->[androidx.lifecycle:lifecycle-process:2.7.0] AndroidManifest.xml:27:13-37
148            <meta-data
148-->[androidx.lifecycle:lifecycle-process:2.7.0] AndroidManifest.xml:29:13-31:52
149                android:name="androidx.lifecycle.ProcessLifecycleInitializer"
149-->[androidx.lifecycle:lifecycle-process:2.7.0] AndroidManifest.xml:30:17-78
150                android:value="androidx.startup" />
150-->[androidx.lifecycle:lifecycle-process:2.7.0] AndroidManifest.xml:31:17-49
151            <meta-data
151-->[androidx.profileinstaller:profileinstaller:1.3.1] AndroidManifest.xml:29:13-31:52
152                android:name="androidx.profileinstaller.ProfileInstallerInitializer"
152-->[androidx.profileinstaller:profileinstaller:1.3.1] AndroidManifest.xml:30:17-85
153                android:value="androidx.startup" />
153-->[androidx.profileinstaller:profileinstaller:1.3.1] AndroidManifest.xml:31:17-49
154        </provider>
155
156        <receiver
156-->[androidx.profileinstaller:profileinstaller:1.3.1] AndroidManifest.xml:34:9-52:20
157            android:name="androidx.profileinstaller.ProfileInstallReceiver"
157-->[androidx.profileinstaller:profileinstaller:1.3.1] AndroidManifest.xml:35:13-76
158            android:directBootAware="false"
158-->[androidx.profileinstaller:profileinstaller:1.3.1] AndroidManifest.xml:36:13-44
159            android:enabled="true"
159-->[androidx.profileinstaller:profileinstaller:1.3.1] AndroidManifest.xml:37:13-35
160            android:exported="true"
160-->[androidx.profileinstaller:profileinstaller:1.3.1] AndroidManifest.xml:38:13-36
161            android:permission="android.permission.DUMP" >
161-->[androidx.profileinstaller:profileinstaller:1.3.1] AndroidManifest.xml:39:13-57
162            <intent-filter>
162-->[androidx.profileinstaller:profileinstaller:1.3.1] AndroidManifest.xml:40:13-42:29
163                <action android:name="androidx.profileinstaller.action.INSTALL_PROFILE" />
163-->[androidx.profileinstaller:profileinstaller:1.3.1] AndroidManifest.xml:41:17-91
163-->[androidx.profileinstaller:profileinstaller:1.3.1] AndroidManifest.xml:41:25-88
164            </intent-filter>
165            <intent-filter>
165-->[androidx.profileinstaller:profileinstaller:1.3.1] AndroidManifest.xml:43:13-45:29
166                <action android:name="androidx.profileinstaller.action.SKIP_FILE" />
166-->[androidx.profileinstaller:profileinstaller:1.3.1] AndroidManifest.xml:44:17-85
166-->[androidx.profileinstaller:profileinstaller:1.3.1] AndroidManifest.xml:44:25-82
167            </intent-filter>
168            <intent-filter>
168-->[androidx.profileinstaller:profileinstaller:1.3.1] AndroidManifest.xml:46:13-48:29
169                <action android:name="androidx.profileinstaller.action.SAVE_PROFILE" />
169-->[androidx.profileinstaller:profileinstaller:1.3.1] AndroidManifest.xml:47:17-88
169-->[androidx.profileinstaller:profileinstaller:1.3.1] AndroidManifest.xml:47:25-85
170            </intent-filter>
171            <intent-filter>
171-->[androidx.profileinstaller:profileinstaller:1.3.1] AndroidManifest.xml:49:13-51:29
172                <action android:name="androidx.profileinstaller.action.BENCHMARK_OPERATION" />
172-->[androidx.profileinstaller:profileinstaller:1.3.1] AndroidManifest.xml:50:17-95
172-->[androidx.profileinstaller:profileinstaller:1.3.1] AndroidManifest.xml:50:25-92
173            </intent-filter>
174        </receiver>
175    </application>
176
177</manifest>